<?xml version="1.0" encoding="UTF-8"?>
<!-- Generated by org.testng.reporters.JUnitXMLReporter -->
<testsuite hostname="TBN-0R3REM" ignored="1" name="接口测试用例" tests="3" failures="0" timestamp="05 三月 2019 08:07:48 GMT" time="0.041" errors="0">
  <testcase name="testdemo1" time="0.008" classname="com.luowj.test.TestCaces"/>
  <testcase name="testdeme2" time="0.0" classname="com.luowj.test.TestCaces"/>
  <testcase name="testdeme3" time="0.001" classname="com.luowj.test.TestCaces"/>
  <testcase name="test" time="0.0" classname="com.luowj.test.TestCaces">
    <ignored/>
  </testcase> <!-- test -->
</testsuite> <!-- 接口测试用例 -->
